2025-07-07 00:25:21,553 [ERROR] LogOutputStream:75 - [STDERR_REDIRECT] 
2025-07-07 13:53:56,934 [INFO] Activator:176 - 


2025-07-07 13:53:56,936 [INFO] Activator:177 - !SESSION log4j initialized
2025-07-07 13:54:02,420 [INFO] LogOutputStream:77 - [STDOUT_REDIRECT] 
2025-07-07 13:54:03,104 [ERROR] LogOutputStream:75 - [STDERR_REDIRECT] 
2025-07-07 13:54:05,074 [INFO] LogOutputStream:77 - [STDOUT_REDIRECT] 
2025-07-07 13:54:06,672 [INFO] ApplicationProperties:184 - Using Application install path: /Applications/STM32CubeIDE.app/Contents/Eclipse/plugins/com.st.stm32cube.common.mx_6.14.1.202504091515
2025-07-07 13:54:06,689 [INFO] DbMcusXml:78 - Set database path to: /Applications/STM32CubeIDE.app/Contents/Eclipse/plugins/com.st.stm32cube.common.mx_6.14.1.202504091515//db//mcu/
2025-07-07 13:54:06,690 [INFO] ApiDb:274 - Set plugin database path to: /Applications/STM32CubeIDE.app/Contents/Eclipse/plugins/com.st.stm32cube.common.mx_6.14.1.202504091515//db//plugins/boardmanager/
2025-07-07 13:54:06,690 [WARN] ApiDb:259 - Overriding images path with different value:  => /Applications/STM32CubeIDE.app/Contents/Eclipse/plugins/com.st.stm32cube.common.mx_6.14.1.202504091515//db//plugins/mcufinder/images/
2025-07-07 13:54:06,700 [INFO] ApiDb:250 - Set database path to: /Users/diego/.stmcufinder/plugins/mcufinder//mcu/
2025-07-07 13:54:06,701 [INFO] DbMcusAds:125 - Set database path to: /Users/diego/.stmcufinder/plugins/mcufinder//mcu/
2025-07-07 13:54:06,702 [INFO] CrossReferenceDbSqlite:203 - Set database path to: /Users/diego/.stmcufinder/plugins/mcufinder//mcu/cs/
2025-07-07 13:54:06,896 [INFO] RulesReader:64 - Compatibility file has been processed (302 Rules)
2025-07-07 13:54:06,994 [INFO] DbMcusXml:78 - Set database path to: /Applications/STM32CubeIDE.app/Contents/Eclipse/plugins/com.st.stm32cube.common.mx_6.14.1.202504091515//db//mcu/
2025-07-07 13:54:06,994 [INFO] ApiDb:274 - Set plugin database path to: /Applications/STM32CubeIDE.app/Contents/Eclipse/plugins/com.st.stm32cube.common.mx_6.14.1.202504091515//db//plugins/boardmanager/
2025-07-07 13:54:06,994 [INFO] ApiDb:261 - Set plugin images path to: /Applications/STM32CubeIDE.app/Contents/Eclipse/plugins/com.st.stm32cube.common.mx_6.14.1.202504091515//db//plugins/mcufinder/images/
2025-07-07 13:54:06,995 [WARN] DbFile:41 - Overriding database path with different value: /Users/diego/.stmcufinder/plugins/mcufinder/ => /Users/diego/.stmcufinder/plugins/mcufinder
2025-07-07 13:54:06,995 [INFO] ApiDb:250 - Set database path to: /Users/diego/.stmcufinder/plugins/mcufinder//mcu/
2025-07-07 13:54:06,995 [WARN] DbFile:41 - Overriding database path with different value: /Users/diego/.stmcufinder/plugins/mcufinder/ => /Users/diego/.stmcufinder/plugins/mcufinder
2025-07-07 13:54:06,995 [INFO] DbMcusAds:125 - Set database path to: /Users/diego/.stmcufinder/plugins/mcufinder//mcu/
2025-07-07 13:54:06,995 [WARN] DbFile:41 - Overriding database path with different value: /Users/diego/.stmcufinder/plugins/mcufinder/ => /Users/diego/.stmcufinder/plugins/mcufinder
2025-07-07 13:54:06,995 [WARN] DbFile:41 - Overriding database path with different value: /Users/diego/.stmcufinder/plugins/mcufinder/ => /Users/diego/.stmcufinder/plugins/mcufinder
2025-07-07 13:54:06,995 [INFO] CrossReferenceDbSqlite:203 - Set database path to: /Users/diego/.stmcufinder/plugins/mcufinder//mcu/cs/
2025-07-07 13:54:07,066 [INFO] MainPanel:272 - HeapMemory: 268435456
2025-07-07 13:54:07,508 [INFO] DbMcusXml:78 - Set database path to: /Applications/STM32CubeIDE.app/Contents/Eclipse/plugins/com.st.stm32cube.common.mx_6.14.1.202504091515//db//mcu/
2025-07-07 13:54:07,508 [INFO] ApiDb:274 - Set plugin database path to: /Applications/STM32CubeIDE.app/Contents/Eclipse/plugins/com.st.stm32cube.common.mx_6.14.1.202504091515//db//plugins/boardmanager/
2025-07-07 13:54:07,508 [INFO] ApiDb:261 - Set plugin images path to: /Applications/STM32CubeIDE.app/Contents/Eclipse/plugins/com.st.stm32cube.common.mx_6.14.1.202504091515//db//plugins/mcufinder/images/
2025-07-07 13:54:07,509 [WARN] DbFile:41 - Overriding database path with different value: /Users/diego/.stmcufinder/plugins/mcufinder/ => /Users/diego/.stmcufinder/plugins/mcufinder
2025-07-07 13:54:07,509 [INFO] ApiDb:250 - Set database path to: /Users/diego/.stmcufinder/plugins/mcufinder//mcu/
2025-07-07 13:54:07,509 [WARN] DbFile:41 - Overriding database path with different value: /Users/diego/.stmcufinder/plugins/mcufinder/ => /Users/diego/.stmcufinder/plugins/mcufinder
2025-07-07 13:54:07,509 [INFO] DbMcusAds:125 - Set database path to: /Users/diego/.stmcufinder/plugins/mcufinder//mcu/
2025-07-07 13:54:07,509 [WARN] DbFile:41 - Overriding database path with different value: /Users/diego/.stmcufinder/plugins/mcufinder/ => /Users/diego/.stmcufinder/plugins/mcufinder
2025-07-07 13:54:07,509 [WARN] DbFile:41 - Overriding database path with different value: /Users/diego/.stmcufinder/plugins/mcufinder/ => /Users/diego/.stmcufinder/plugins/mcufinder
2025-07-07 13:54:07,509 [INFO] CrossReferenceDbSqlite:203 - Set database path to: /Users/diego/.stmcufinder/plugins/mcufinder//mcu/cs/
2025-07-07 13:54:07,531 [INFO] ApplicationProperties:184 - Using Application install path: /Applications/STM32CubeIDE.app/Contents/Eclipse/plugins/com.st.stm32cube.common.mx_6.14.1.202504091515
2025-07-07 13:54:07,532 [INFO] PluginManage:196 - Search for loadable plugins [exclusion list=, ]
2025-07-07 13:54:07,534 [INFO] PluginManage:310 - Check plugin analytics
2025-07-07 13:54:07,738 [INFO] AnalyticsPlugin:253 - Accepted Software Licenses: 
2025-07-07 13:54:07,738 [INFO] AnalyticsPlugin:255 - Accepted CMSIS Pack Licenses: 
2025-07-07 13:54:07,738 [INFO] AnalyticsPlugin:257 - Accepted Firmware Licenses: 
2025-07-07 13:54:07,747 [INFO] PluginManage:359 - Loaded plugin analytics (category:tool,tabindex:-1)
2025-07-07 13:54:07,748 [INFO] PluginManage:310 - Check plugin cadmodel
2025-07-07 13:54:07,763 [INFO] CADModel:105 - Init CAD model plugin
2025-07-07 13:54:07,763 [INFO] PluginManage:359 - Loaded plugin cadmodel (category:power,tabindex:5)
2025-07-07 13:54:07,764 [INFO] PluginManage:310 - Check plugin clock
2025-07-07 13:54:07,774 [INFO] PluginManage:359 - Loaded plugin clock (category:base,tabindex:2)
2025-07-07 13:54:07,775 [INFO] PluginManage:310 - Check plugin ddr
2025-07-07 13:54:07,777 [INFO] PluginManage:359 - Loaded plugin ddr (category:tool,tabindex:6)
2025-07-07 13:54:07,777 [INFO] PluginManage:310 - Check plugin filemanager
2025-07-07 13:54:07,961 [INFO] PluginManage:359 - Loaded plugin filemanager (category:base,tabindex:10)
2025-07-07 13:54:07,962 [INFO] PluginManage:310 - Check plugin ipmanager
2025-07-07 13:54:07,974 [INFO] PluginManage:359 - Loaded plugin ipmanager (category:base,tabindex:5)
2025-07-07 13:54:07,975 [INFO] PluginManage:310 - Check plugin lpbam
2025-07-07 13:54:07,985 [INFO] PluginManage:359 - Loaded plugin lpbam (category:base,tabindex:0)
2025-07-07 13:54:07,985 [INFO] PluginManage:310 - Check plugin memorymap
2025-07-07 13:54:07,996 [INFO] PluginManage:359 - Loaded plugin memorymap (category:base,tabindex:4)
2025-07-07 13:54:07,996 [INFO] PluginManage:310 - Check plugin pinoutandconfiguration
2025-07-07 13:54:08,003 [INFO] PluginManage:359 - Loaded plugin pinoutandconfiguration (category:base,tabindex:1)
2025-07-07 13:54:08,004 [INFO] PluginManage:310 - Check plugin pinoutconfig
2025-07-07 13:54:08,100 [WARN] SupportedApi:132 - Cannot load RTOS API schema: s4s-elt-must-match.1: The content of 'definitions' must match (annotation?, (simpleType | complexType)?, (unique | key | keyref)*)). A problem was found starting at: attribute.
2025-07-07 13:54:08,261 [INFO] PluginManage:359 - Loaded plugin pinoutconfig (category:base,tabindex:0)
2025-07-07 13:54:08,262 [INFO] PluginManage:310 - Check plugin power
2025-07-07 13:54:08,276 [INFO] PluginManage:359 - Loaded plugin power (category:power,tabindex:4)
2025-07-07 13:54:08,276 [INFO] PluginManage:310 - Check plugin projectmanager
2025-07-07 13:54:08,307 [INFO] PluginManage:359 - Loaded plugin projectmanager (category:projectmanager,tabindex:4)
2025-07-07 13:54:08,307 [INFO] PluginManage:310 - Check plugin rif
2025-07-07 13:54:08,314 [INFO] PluginManage:359 - Loaded plugin rif (category:base,tabindex:3)
2025-07-07 13:54:08,314 [INFO] PluginManage:310 - Check plugin thirdparty
2025-07-07 13:54:08,494 [INFO] PluginManage:359 - Loaded plugin thirdparty (category:base,tabindex:-1)
2025-07-07 13:54:08,494 [WARN] IntegrityCheckThread:84 - waiting for thirdparty lock release [integrity check]
2025-07-07 13:54:08,495 [INFO] PluginManage:310 - Check plugin tools
2025-07-07 13:54:08,495 [INFO] IntegrityCheckThread:86 - entering critical section [integrity check]
2025-07-07 13:54:08,495 [INFO] ThirdPartyUpdaterWithRetryManager:70 - Updater plugin not ready yet. [1/15]
2025-07-07 13:54:08,499 [INFO] PluginManage:359 - Loaded plugin tools (category:base,tabindex:7)
2025-07-07 13:54:08,499 [INFO] PluginManage:310 - Check plugin tutovideos
2025-07-07 13:54:08,671 [INFO] PluginManage:359 - Loaded plugin tutovideos (category:base,tabindex:-1)
2025-07-07 13:54:08,671 [INFO] PluginManage:310 - Check plugin updater
2025-07-07 13:54:08,702 [INFO] PluginManage:359 - Loaded plugin updater (category:base,tabindex:12)
2025-07-07 13:54:08,702 [INFO] PluginManage:310 - Check plugin userauth
2025-07-07 13:54:08,707 [INFO] UserAuth:118 - Init User Auth plugin
2025-07-07 13:54:08,709 [INFO] PluginManage:359 - Loaded plugin userauth (category:base,tabindex:14)
2025-07-07 13:54:08,711 [INFO] PluginManage:283 - PluginManage : Loaded plugins [18]
2025-07-07 13:54:08,967 [INFO] PinOutPanel:1589 - setPackage(No Configuration,No Configuration)
2025-07-07 13:54:09,041 [INFO] CADModel:165 - CPN selected for project level
2025-07-07 13:54:09,042 [INFO] CADModel:114 - Register for checkConnection events
2025-07-07 13:54:09,052 [INFO] IPUIPlugin:80 - create IPUIPlugin
2025-07-07 13:54:09,053 [INFO] PluginManager:220 - loadIPPluginJar : add mdma
2025-07-07 13:54:09,058 [INFO] IPUIPlugin:80 - create IPUIPlugin
2025-07-07 13:54:09,058 [INFO] PluginManager:220 - loadIPPluginJar : add freertos
2025-07-07 13:54:09,062 [INFO] IPUIPlugin:80 - create IPUIPlugin
2025-07-07 13:54:09,062 [INFO] PluginManager:220 - loadIPPluginJar : add gic
2025-07-07 13:54:09,070 [INFO] IPUIPlugin:80 - create IPUIPlugin
2025-07-07 13:54:09,071 [INFO] PluginManager:220 - loadIPPluginJar : add adc
2025-07-07 13:54:09,072 [INFO] IPUIPlugin:80 - create IPUIPlugin
2025-07-07 13:54:09,073 [INFO] PluginManager:220 - loadIPPluginJar : add gtzc
2025-07-07 13:54:09,074 [INFO] IPUIPlugin:80 - create IPUIPlugin
2025-07-07 13:54:09,074 [INFO] PluginManager:220 - loadIPPluginJar : add quadspi
2025-07-07 13:54:09,076 [INFO] IPUIPlugin:80 - create IPUIPlugin
2025-07-07 13:54:09,076 [INFO] PluginManager:220 - loadIPPluginJar : add aes
2025-07-07 13:54:09,078 [INFO] IPUIPlugin:80 - create IPUIPlugin
2025-07-07 13:54:09,078 [INFO] PluginManager:220 - loadIPPluginJar : add pdm2pcm
2025-07-07 13:54:09,079 [INFO] IPUIPlugin:80 - create IPUIPlugin
2025-07-07 13:54:09,079 [INFO] PluginManager:220 - loadIPPluginJar : add hash
2025-07-07 13:54:09,081 [INFO] IPUIPlugin:80 - create IPUIPlugin
2025-07-07 13:54:09,081 [INFO] PluginManager:220 - loadIPPluginJar : add tim
2025-07-07 13:54:09,083 [INFO] IPUIPlugin:80 - create IPUIPlugin
2025-07-07 13:54:09,084 [INFO] PluginManager:220 - loadIPPluginJar : add tsc
2025-07-07 13:54:09,087 [INFO] IPUIPlugin:80 - create IPUIPlugin
2025-07-07 13:54:09,087 [INFO] PluginManager:220 - loadIPPluginJar : add extmemmanager
2025-07-07 13:54:09,089 [INFO] IPUIPlugin:80 - create IPUIPlugin
2025-07-07 13:54:09,089 [INFO] PluginManager:220 - loadIPPluginJar : add ts
2025-07-07 13:54:09,090 [INFO] IPUIPlugin:80 - create IPUIPlugin
2025-07-07 13:54:09,090 [INFO] PluginManager:220 - loadIPPluginJar : add radio
2025-07-07 13:54:09,092 [INFO] IPUIPlugin:80 - create IPUIPlugin
2025-07-07 13:54:09,092 [INFO] PluginManager:220 - loadIPPluginJar : add can
2025-07-07 13:54:09,093 [INFO] IPUIPlugin:80 - create IPUIPlugin
2025-07-07 13:54:09,093 [INFO] PluginManager:220 - loadIPPluginJar : add dma3
2025-07-07 13:54:09,094 [INFO] IPUIPlugin:80 - create IPUIPlugin
2025-07-07 13:54:09,094 [INFO] PluginManager:220 - loadIPPluginJar : add dfsdm
2025-07-07 13:54:09,095 [INFO] IPUIPlugin:80 - create IPUIPlugin
2025-07-07 13:54:09,095 [INFO] PluginManager:220 - loadIPPluginJar : add spi
2025-07-07 13:54:09,097 [INFO] IPUIPlugin:80 - create IPUIPlugin
2025-07-07 13:54:09,097 [INFO] PluginManager:220 - loadIPPluginJar : add gfxmmu
2025-07-07 13:54:09,098 [INFO] IPUIPlugin:80 - create IPUIPlugin
2025-07-07 13:54:09,098 [INFO] PluginManager:220 - loadIPPluginJar : add genericplugin
2025-07-07 13:54:09,100 [INFO] IPUIPlugin:80 - create IPUIPlugin
2025-07-07 13:54:09,100 [INFO] PluginManager:220 - loadIPPluginJar : add cryp
2025-07-07 13:54:09,103 [INFO] IPUIPlugin:80 - create IPUIPlugin
2025-07-07 13:54:09,103 [INFO] PluginManager:220 - loadIPPluginJar : add gpio
2025-07-07 13:54:09,105 [INFO] IPUIPlugin:80 - create IPUIPlugin
2025-07-07 13:54:09,106 [INFO] PluginManager:220 - loadIPPluginJar : add ddr_ctrl_phy
2025-07-07 13:54:09,108 [INFO] IPUIPlugin:80 - create IPUIPlugin
2025-07-07 13:54:09,108 [INFO] PluginManager:220 - loadIPPluginJar : add comp
2025-07-07 13:54:09,111 [INFO] IPUIPlugin:80 - create IPUIPlugin
2025-07-07 13:54:09,111 [INFO] PluginManager:220 - loadIPPluginJar : add tracer_emb
2025-07-07 13:54:09,114 [INFO] IPUIPlugin:80 - create IPUIPlugin
2025-07-07 13:54:09,114 [INFO] PluginManager:220 - loadIPPluginJar : add openamp
2025-07-07 13:54:09,118 [INFO] IPUIPlugin:80 - create IPUIPlugin
2025-07-07 13:54:09,118 [INFO] PluginManager:220 - loadIPPluginJar : add stm32_wpan
2025-07-07 13:54:09,123 [INFO] IPUIPlugin:80 - create IPUIPlugin
2025-07-07 13:54:09,125 [INFO] PluginManager:220 - loadIPPluginJar : add plateformsettings
2025-07-07 13:54:09,128 [INFO] IPUIPlugin:80 - create IPUIPlugin
2025-07-07 13:54:09,128 [INFO] PluginManager:220 - loadIPPluginJar : add ipddr
2025-07-07 13:54:09,130 [INFO] IPUIPlugin:80 - create IPUIPlugin
2025-07-07 13:54:09,130 [INFO] PluginManager:220 - loadIPPluginJar : add usart
2025-07-07 13:54:09,131 [INFO] IPUIPlugin:80 - create IPUIPlugin
2025-07-07 13:54:09,131 [INFO] PluginManager:220 - loadIPPluginJar : add ltdc
2025-07-07 13:54:09,133 [INFO] IPUIPlugin:80 - create IPUIPlugin
2025-07-07 13:54:09,134 [INFO] PluginManager:220 - loadIPPluginJar : add nvic
2025-07-07 13:54:09,135 [INFO] IPUIPlugin:80 - create IPUIPlugin
2025-07-07 13:54:09,135 [INFO] PluginManager:220 - loadIPPluginJar : add fatfs
2025-07-07 13:54:09,140 [INFO] IPUIPlugin:80 - create IPUIPlugin
2025-07-07 13:54:09,141 [INFO] PluginManager:220 - loadIPPluginJar : add linkedlist
2025-07-07 13:54:09,146 [INFO] IPUIPlugin:80 - create IPUIPlugin
2025-07-07 13:54:09,146 [INFO] PluginManager:220 - loadIPPluginJar : add dma
2025-07-07 13:54:09,149 [INFO] IPUIPlugin:80 - create IPUIPlugin
2025-07-07 13:54:09,149 [INFO] PluginManager:220 - loadIPPluginJar : add fmc
2025-07-07 13:54:09,151 [INFO] IPUIPlugin:80 - create IPUIPlugin
2025-07-07 13:54:09,151 [INFO] PluginManager:220 - loadIPPluginJar : add i2s
2025-07-07 13:54:09,152 [INFO] IPUIPlugin:80 - create IPUIPlugin
2025-07-07 13:54:09,152 [INFO] PluginManager:220 - loadIPPluginJar : add ucpd
2025-07-07 13:54:09,154 [INFO] IPUIPlugin:80 - create IPUIPlugin
2025-07-07 13:54:09,155 [INFO] PluginManager:220 - loadIPPluginJar : add lorawan
2025-07-07 13:54:09,158 [INFO] IPUIPlugin:80 - create IPUIPlugin
2025-07-07 13:54:09,158 [INFO] PluginManager:220 - loadIPPluginJar : add opamp
2025-07-07 13:54:09,159 [INFO] IPUIPlugin:80 - create IPUIPlugin
2025-07-07 13:54:09,160 [INFO] PluginManager:220 - loadIPPluginJar : add i3c
2025-07-07 13:54:09,161 [INFO] IPUIPlugin:80 - create IPUIPlugin
2025-07-07 13:54:09,162 [INFO] PluginManager:220 - loadIPPluginJar : add touchsensing
2025-07-07 13:54:09,164 [INFO] IPUIPlugin:80 - create IPUIPlugin
2025-07-07 13:54:09,164 [INFO] PluginManager:220 - loadIPPluginJar : add i2c
2025-07-07 13:54:09,166 [INFO] IPUIPlugin:80 - create IPUIPlugin
2025-07-07 13:54:09,166 [INFO] PluginManager:220 - loadIPPluginJar : add resmgrutility
2025-07-07 13:54:09,168 [INFO] IPUIPlugin:80 - create IPUIPlugin
2025-07-07 13:54:09,169 [INFO] PluginManager:220 - loadIPPluginJar : add sai
2025-07-07 13:54:09,171 [INFO] IPUIPlugin:80 - create IPUIPlugin
2025-07-07 13:54:09,171 [INFO] PluginManager:220 - loadIPPluginJar : add usbx
2025-07-07 13:54:09,292 [FATAL] Updater:351 - Updater called before beeing initialized
2025-07-07 13:54:09,340 [INFO] RulesReader:64 - Compatibility file has been processed (302 Rules)
2025-07-07 13:54:09,355 [INFO] RulesReader:64 - Compatibility file has been processed (302 Rules)
2025-07-07 13:54:09,366 [INFO] CADModel:165 - CPN selected for project level
2025-07-07 13:54:09,367 [INFO] CADModel:114 - Register for checkConnection events
2025-07-07 13:54:09,367 [FATAL] Updater:351 - Updater called before beeing initialized
2025-07-07 13:54:09,367 [ERROR] CADModel:125 - Updater not yet initialized, retry later 
2025-07-07 13:54:09,647 [FATAL] Updater:351 - Updater called before beeing initialized
2025-07-07 13:54:09,648 [INFO] CADModel:165 - CPN selected for project level
2025-07-07 13:54:09,648 [INFO] CADModel:114 - Register for checkConnection events
2025-07-07 13:54:09,648 [FATAL] Updater:351 - Updater called before beeing initialized
2025-07-07 13:54:09,648 [ERROR] CADModel:125 - Updater not yet initialized, retry later 
2025-07-07 13:54:09,651 [FATAL] Updater:351 - Updater called before beeing initialized
2025-07-07 13:54:09,819 [FATAL] Updater:351 - Updater called before beeing initialized
2025-07-07 13:54:09,823 [INFO] DbMcusAds:53 - JSON generation date=Thu Jun 19 04:32:34 EDT 2025 (1750321954388)
2025-07-07 13:54:09,823 [FATAL] Updater:351 - Updater called before beeing initialized
2025-07-07 13:54:09,881 [WARN] DetailPanel:346 - Failed to get advertising image, set to default
2025-07-07 13:54:10,117 [FATAL] Updater:351 - Updater called before beeing initialized
2025-07-07 13:54:10,124 [FATAL] Updater:351 - Updater called before beeing initialized
2025-07-07 13:54:10,124 [FATAL] Updater:351 - Updater called before beeing initialized
2025-07-07 13:54:10,125 [WARN] DetailPanel:346 - Failed to get advertising image, set to default
2025-07-07 13:54:10,130 [FATAL] Updater:351 - Updater called before beeing initialized
2025-07-07 13:54:10,196 [ERROR] Updater:1198 - MainUpdater not yet initialized. External WinMGr cannot be set.
2025-07-07 13:54:10,199 [INFO] Updater:1134 - Updater Version found : 6.14.1
2025-07-07 13:54:10,217 [INFO] ApplicationProperties:184 - Using Application install path: /Applications/STM32CubeIDE.app/Contents/Eclipse/plugins/com.st.stm32cube.common.mx_6.14.1.202504091515
2025-07-07 13:54:10,764 [INFO] MainUpdater:2872 - connection check result : 10
2025-07-07 13:54:10,766 [INFO] MainUpdater:289 - Updater Check For Update Now.
2025-07-07 13:54:10,766 [INFO] MicroXplorer:498 - Change Database Version : DB.6.0.141
2025-07-07 13:54:10,775 [INFO] McuFinderGlobals:63 - Set McuFinder mode to 2 (CubeIDE integrated)
2025-07-07 13:54:10,776 [INFO] UserAuth:484 - Internet connection configuration mode: 1
2025-07-07 13:54:10,797 [INFO] JxBrowserEngine:152 - Initiate JxBrowser Engine with user profile folder
2025-07-07 13:54:11,027 [INFO] CheckServerUpdateThread:120 - End of CheckServer Thread
2025-07-07 13:54:11,697 [WARN] PackLoader:240 - Cannot read IP mode file for STMicroelectronics.FP-SNS-MOTENVWB1.1.4.0
2025-07-07 13:54:11,721 [WARN] PackLoader:240 - Cannot read IP mode file for STMicroelectronics.FP-ATR-ASTRA1.2.0.1
2025-07-07 13:54:11,737 [WARN] PackLoader:240 - Cannot read IP mode file for STMicroelectronics.X-CUBE-SMBUS.2.1.0
2025-07-07 13:54:11,751 [WARN] PackLoader:240 - Cannot read IP mode file for STMicroelectronics.X-CUBE-WB05N.1.1.0
2025-07-07 13:54:11,797 [WARN] PackLoader:240 - Cannot read IP mode file for STMicroelectronics.X-CUBE-AZRTOS-F7.1.1.0
2025-07-07 13:54:11,809 [WARN] PackLoader:240 - Cannot read IP mode file for STMicroelectronics.FP-SNS-FLIGHT1.5.0.2
2025-07-07 13:54:11,855 [WARN] PackLoader:240 - Cannot read IP mode file for Infineon.AIROC-Wi-Fi-Bluetooth-STM32.1.7.0
2025-07-07 13:54:11,887 [WARN] PackLoader:240 - Cannot read IP mode file for STMicroelectronics.X-CUBE-DISPLAY.3.0.0
2025-07-07 13:54:11,914 [WARN] PackLoader:240 - Cannot read IP mode file for STMicroelectronics.X-CUBE-BLE1.7.0.0
2025-07-07 13:54:11,929 [WARN] PackLoader:240 - Cannot read IP mode file for STMicroelectronics.X-CUBE-NFC10.1.0.0
2025-07-07 13:54:11,946 [WARN] PackLoader:240 - Cannot read IP mode file for STMicroelectronics.X-CUBE-BLEMGR.4.0.0
2025-07-07 13:54:11,970 [WARN] PackLoader:240 - Cannot read IP mode file for emotas.I-CUBE-CANOPEN.1.3.0
2025-07-07 13:54:11,991 [WARN] PackLoader:240 - Cannot read IP mode file for STMicroelectronics.X-CUBE-AI.10.0.0
2025-07-07 13:54:12,003 [WARN] PackLoader:240 - Cannot read IP mode file for STMicroelectronics.FP-SNS-SMARTAG2.1.2.0
2025-07-07 13:54:12,183 [WARN] PackLoader:240 - Cannot read IP mode file for STMicroelectronics.X-CUBE-MEMS1.11.1.0
2025-07-07 13:54:12,408 [INFO] LogOutputStream:77 - [STDOUT_REDIRECT] 1 : Invalid condition id : UX_CORESTACK_Condition cause : null
2025-07-07 13:54:12,410 [INFO] LogOutputStream:77 - [STDOUT_REDIRECT] 1 : Invalid condition id : UX_CORESTACK_Condition cause : null
2025-07-07 13:54:12,411 [INFO] LogOutputStream:77 - [STDOUT_REDIRECT] 1 : Invalid condition id : UX_CORESTACK_Condition cause : null
2025-07-07 13:54:12,411 [INFO] LogOutputStream:77 - [STDOUT_REDIRECT] 1 : Invalid condition id : UX_CORESTACK_Condition cause : null
2025-07-07 13:54:12,411 [INFO] LogOutputStream:77 - [STDOUT_REDIRECT] 1 : Invalid condition id : UX_CORESTACK_Condition cause : null
2025-07-07 13:54:12,418 [WARN] PackLoader:240 - Cannot read IP mode file for STMicroelectronics.X-CUBE-AZRTOS-WL.2.0.0
2025-07-07 13:54:12,431 [WARN] PackLoader:240 - Cannot read IP mode file for STMicroelectronics.FP-SNS-MOTENV1.5.0.0
2025-07-07 13:54:12,436 [WARN] PackLoader:240 - Cannot read IP mode file for wolfSSL.I-CUBE-wolfMQTT.1.19.0
2025-07-07 13:54:12,448 [WARN] PackLoader:240 - Cannot read IP mode file for WES.I-CUBE-Cesium.1.3.0
2025-07-07 13:54:12,454 [WARN] PackLoader:240 - Cannot read IP mode file for STMicroelectronics.X-CUBE-BLE2.3.3.0
2025-07-07 13:54:12,463 [WARN] PackLoader:240 - Cannot read IP mode file for STMicroelectronics.X-CUBE-NFC9.1.0.0
2025-07-07 13:54:12,751 [WARN] PackLoader:240 - Cannot read IP mode file for STMicroelectronics.X-CUBE-MEMS1.11.2.0
2025-07-07 13:54:13,017 [WARN] PackLoader:240 - Cannot read IP mode file for STMicroelectronics.X-CUBE-AZRTOS-G0.1.1.0
2025-07-07 13:54:13,058 [WARN] PackLoader:240 - Cannot read IP mode file for STMicroelectronics.X-CUBE-SAFEA1.1.2.2
2025-07-07 13:54:13,073 [WARN] PackLoader:240 - Cannot read IP mode file for STMicroelectronics.X-CUBE-NFC4.3.0.0
2025-07-07 13:54:13,088 [WARN] PackLoader:240 - Cannot read IP mode file for EmbeddedOffice.I-CUBE-FS-RTOS.1.0.1
2025-07-07 13:54:13,102 [WARN] PackLoader:240 - Cannot read IP mode file for STMicroelectronics.X-CUBE-WB05N.2.0.0
2025-07-07 13:54:13,119 [WARN] PackLoader:240 - Cannot read IP mode file for STMicroelectronics.X-CUBE-TCPP.4.2.0
2025-07-07 13:54:13,129 [WARN] PackLoader:240 - Cannot read IP mode file for RealThread.X-CUBE-RT-Thread_Nano.4.1.1
2025-07-07 13:54:13,134 [WARN] PackLoader:240 - Cannot read IP mode file for STMicroelectronics.FP-ATR-SIGFOX1.3.2.0
2025-07-07 13:54:13,138 [WARN] ConditionMgr:438 - getConditionDescription Invalid condition id : Cortex-A Device cause : null
2025-07-07 13:54:13,213 [WARN] ConditionMgr:1044 - genDependencies : Invalid condition id : Cortex-A Device cause : null
2025-07-07 13:54:13,213 [WARN] ConditionMgr:1044 - genDependencies : Invalid condition id : Cortex-A Device cause : null
2025-07-07 13:54:13,213 [WARN] ConditionMgr:1044 - genDependencies : Invalid condition id : Cortex-A Device cause : null
2025-07-07 13:54:13,222 [WARN] PackLoader:240 - Cannot read IP mode file for STMicroelectronics.X-CUBE-EEPRMA1.5.1.0
2025-07-07 13:54:13,227 [WARN] PackLoader:240 - Cannot read IP mode file for wolfSSL.I-CUBE-wolfSSL.5.7.6
2025-07-07 13:54:13,233 [WARN] PackLoader:240 - Cannot read IP mode file for ITTIA_DB.I-CUBE-ITTIADB.8.9.0
2025-07-07 13:54:13,287 [WARN] PackLoader:240 - Cannot read IP mode file for SEGGER.I-CUBE-embOS.1.3.1
2025-07-07 13:54:13,353 [WARN] PackLoader:240 - Cannot read IP mode file for STMicroelectronics.X-CUBE-ALGOBUILD.1.4.0
2025-07-07 13:54:13,430 [WARN] PackLoader:240 - Cannot read IP mode file for STMicroelectronics.X-CUBE-MEMS1.11.3.0
2025-07-07 13:54:13,563 [WARN] PackLoader:240 - Cannot read IP mode file for STMicroelectronics.X-CUBE-PM33A1.1.0.0
2025-07-07 13:54:13,611 [WARN] PackLoader:240 - Cannot read IP mode file for STMicroelectronics.X-CUBE-AZRTOS-F4.1.1.0
2025-07-07 13:54:13,633 [WARN] PackLoader:240 - Cannot read IP mode file for Avnet-IotConnect.X-CUBE-IoTC-DA16k-PMOD.1.0.0
2025-07-07 13:54:13,643 [WARN] PackLoader:240 - Cannot read IP mode file for STMicroelectronics.X-CUBE-ISPU.2.1.0
2025-07-07 13:54:13,667 [WARN] PackLoader:240 - Cannot read IP mode file for STMicroelectronics.X-CUBE-AZRTOS-L5.2.0.0
2025-07-07 13:54:13,680 [WARN] PackLoader:240 - Cannot read IP mode file for STMicroelectronics.X-CUBE-NFC6.3.1.0
2025-07-07 13:54:13,689 [WARN] PackLoader:240 - Cannot read IP mode file for STMicroelectronics.X-CUBE-DPower.1.2.0
2025-07-07 13:54:13,695 [WARN] PackLoader:240 - Cannot read IP mode file for STMicroelectronics.X-CUBE-FREERTOS.1.3.0
2025-07-07 13:54:13,703 [WARN] PackLoader:240 - Cannot read IP mode file for STMicroelectronics.X-CUBE-NFC7.1.0.1
2025-07-07 13:54:13,713 [WARN] PackLoader:240 - Cannot read IP mode file for STMicroelectronics.FP-SNS-STAIOTCFT.1.0.0
2025-07-07 13:54:13,740 [WARN] ConditionMgr:438 - getConditionDescription Invalid condition id : LAN8742 Phy interface Condition cause : null
2025-07-07 13:54:13,742 [WARN] PackLoader:240 - Cannot read IP mode file for STMicroelectronics.X-CUBE-AZRTOS-L4.2.0.0
2025-07-07 13:54:13,745 [WARN] ConditionMgr:1044 - genDependencies : Invalid condition id : LAN8742 Phy interface Condition cause : null
2025-07-07 13:54:13,747 [WARN] ConditionMgr:1044 - genDependencies : Invalid condition id : LAN8742 Phy interface Condition cause : null
2025-07-07 13:54:13,748 [WARN] ConditionMgr:1044 - genDependencies : Invalid condition id : LAN8742 Phy interface Condition cause : null
2025-07-07 13:54:13,757 [WARN] PackLoader:240 - Cannot read IP mode file for STMicroelectronics.X-CUBE-SFXS2LP1.4.0.0
2025-07-07 13:54:13,783 [WARN] PackLoader:240 - Cannot read IP mode file for STMicroelectronics.X-CUBE-AZRTOS-H7.3.3.0
2025-07-07 13:54:13,803 [WARN] ConditionMgr:438 - getConditionDescription Invalid condition id : UX DEVICE CLASS RTOS Condition cause : null
2025-07-07 13:54:13,803 [WARN] ConditionMgr:438 - getConditionDescription Invalid condition id : UX DEVICE CLASS RTOS Condition cause : null
2025-07-07 13:54:13,813 [WARN] PackLoader:240 - Cannot read IP mode file for STMicroelectronics.X-CUBE-AZRTOS-WB.2.0.0
2025-07-07 13:54:13,814 [WARN] ConditionMgr:1044 - genDependencies : Invalid condition id : UX DEVICE CLASS RTOS Condition cause : null
2025-07-07 13:54:13,814 [WARN] ConditionMgr:1044 - genDependencies : Invalid condition id : UX DEVICE CLASS RTOS Condition cause : null
2025-07-07 13:54:13,815 [WARN] ConditionMgr:1044 - genDependencies : Invalid condition id : UX DEVICE CLASS RTOS Condition cause : null
2025-07-07 13:54:13,816 [WARN] ConditionMgr:1044 - genDependencies : Invalid condition id : UX DEVICE CLASS RTOS Condition cause : null
2025-07-07 13:54:13,816 [WARN] ConditionMgr:1044 - genDependencies : Invalid condition id : UX DEVICE CLASS RTOS Condition cause : null
2025-07-07 13:54:13,827 [WARN] PackLoader:240 - Cannot read IP mode file for STMicroelectronics.X-CUBE-GNSS1.7.0.1
2025-07-07 13:54:13,838 [WARN] PackLoader:240 - Cannot read IP mode file for STMicroelectronics.X-CUBE-TOUCHGFX.4.25.0
2025-07-07 13:54:13,845 [WARN] PackLoader:240 - Cannot read IP mode file for STMicroelectronics.FP-SNS-STBOX1.2.0.0
2025-07-07 13:54:13,869 [WARN] PackLoader:240 - Cannot read IP mode file for STMicroelectronics.X-CUBE-SUBG2.5.0.0
2025-07-07 13:54:13,904 [WARN] PackLoader:240 - Cannot read IP mode file for STMicroelectronics.X-CUBE-AZRTOS-H7RS.1.1.0
2025-07-07 13:54:13,922 [WARN] PackLoader:240 - Cannot read IP mode file for Cesanta.I-CUBE-Mongoose.7.13.0
2025-07-07 13:54:13,942 [WARN] PackLoader:240 - Cannot read IP mode file for STMicroelectronics.X-CUBE-AZRTOS-G4.2.0.0
2025-07-07 13:54:13,963 [WARN] PackLoader:240 - Cannot read IP mode file for STMicroelectronics.X-CUBE-IPS.3.1.0
2025-07-07 13:54:13,989 [WARN] PackLoader:240 - Cannot read IP mode file for STMicroelectronics.X-CUBE-ALS.1.0.2
2025-07-07 13:54:14,027 [WARN] PackLoader:240 - Cannot read IP mode file for STMicroelectronics.X-CUBE-TOUCHGFX.4.24.2
2025-07-07 13:54:14,032 [WARN] PackLoader:240 - Cannot read IP mode file for wolfSSL.I-CUBE-wolfTPM.3.4.0
2025-07-07 13:54:14,038 [WARN] PackLoader:240 - Cannot read IP mode file for portGmbH.I-Cube-SoM-uGOAL.1.1.0
2025-07-07 13:54:14,084 [WARN] PackLoader:240 - Cannot read IP mode file for STMicroelectronics.X-CUBE-AZRTOS-H7RS.1.0.0
2025-07-07 13:54:14,129 [WARN] PackLoader:240 - Cannot read IP mode file for STMicroelectronics.X-CUBE-TOF1.3.4.2
2025-07-07 13:54:14,155 [WARN] PackLoader:240 - Cannot read IP mode file for wolfSSL.I-CUBE-wolfSSH.1.4.17
2025-07-07 13:54:14,161 [INFO] ThirdParty:978 - Integrity check success = true
2025-07-07 13:54:14,161 [INFO] IntegrityCheckThread:100 - exiting critical section [integrity check]
2025-07-07 13:54:14,161 [INFO] IntegrityCheckThread:103 - End integrity checks thread
2025-07-07 13:54:15,937 [INFO] WebApp:169 - Instantiating new browser for Auth
2025-07-07 13:54:17,658 [INFO] WebApp:463 - Apply proxy settings
2025-07-07 13:54:17,697 [INFO] WebApp:508 - Chromium authenticates against Manually configured proxy
2025-07-07 13:54:17,711 [INFO] WebApp:516 - Username used for proxy authentication: 
2025-07-07 13:54:17,759 [INFO] WebApp:894 - Register for checkConnection events
2025-07-07 13:54:17,760 [INFO] WebApp:463 - Apply proxy settings
2025-07-07 13:54:17,768 [INFO] WebApp:508 - Chromium authenticates against Manually configured proxy
2025-07-07 13:54:17,768 [INFO] WebApp:516 - Username used for proxy authentication: 
2025-07-07 13:54:17,941 [INFO] WebApp:225 - Starting web application
2025-07-07 13:54:17,942 [INFO] WebApp:593 - Web application path used /Applications/STM32CubeIDE.app/Contents/Eclipse/plugins/com.st.stm32cube.common.mx_6.14.1.202504091515/db/plugins/mcufinder/reactClient1/index.html
2025-07-07 13:54:18,640 [INFO] UserAuth:484 - Internet connection configuration mode: 1
2025-07-07 13:54:19,171 [INFO] WebApp:191 - Connection restablished
2025-07-07 14:09:50,034 [INFO] Activator:176 - 


2025-07-07 14:09:50,037 [INFO] Activator:177 - !SESSION log4j initialized
2025-07-07 14:09:55,620 [INFO] LogOutputStream:77 - [STDOUT_REDIRECT] 
2025-07-07 14:09:56,531 [ERROR] LogOutputStream:75 - [STDERR_REDIRECT] 
2025-07-07 14:09:58,432 [INFO] LogOutputStream:77 - [STDOUT_REDIRECT] 
2025-07-07 14:10:00,079 [INFO] ApplicationProperties:184 - Using Application install path: /Applications/STM32CubeIDE.app/Contents/Eclipse/plugins/com.st.stm32cube.common.mx_6.14.1.202504091515
2025-07-07 14:10:00,095 [INFO] DbMcusXml:78 - Set database path to: /Applications/STM32CubeIDE.app/Contents/Eclipse/plugins/com.st.stm32cube.common.mx_6.14.1.202504091515//db//mcu/
2025-07-07 14:10:00,095 [INFO] ApiDb:274 - Set plugin database path to: /Applications/STM32CubeIDE.app/Contents/Eclipse/plugins/com.st.stm32cube.common.mx_6.14.1.202504091515//db//plugins/boardmanager/
2025-07-07 14:10:00,096 [WARN] ApiDb:259 - Overriding images path with different value:  => /Applications/STM32CubeIDE.app/Contents/Eclipse/plugins/com.st.stm32cube.common.mx_6.14.1.202504091515//db//plugins/mcufinder/images/
2025-07-07 14:10:00,103 [INFO] ApiDb:250 - Set database path to: /Users/diego/.stmcufinder/plugins/mcufinder//mcu/
2025-07-07 14:10:00,104 [INFO] DbMcusAds:125 - Set database path to: /Users/diego/.stmcufinder/plugins/mcufinder//mcu/
2025-07-07 14:10:00,105 [INFO] CrossReferenceDbSqlite:203 - Set database path to: /Users/diego/.stmcufinder/plugins/mcufinder//mcu/cs/
2025-07-07 14:10:00,248 [INFO] RulesReader:64 - Compatibility file has been processed (302 Rules)
2025-07-07 14:10:00,336 [INFO] DbMcusXml:78 - Set database path to: /Applications/STM32CubeIDE.app/Contents/Eclipse/plugins/com.st.stm32cube.common.mx_6.14.1.202504091515//db//mcu/
2025-07-07 14:10:00,337 [INFO] ApiDb:274 - Set plugin database path to: /Applications/STM32CubeIDE.app/Contents/Eclipse/plugins/com.st.stm32cube.common.mx_6.14.1.202504091515//db//plugins/boardmanager/
2025-07-07 14:10:00,337 [INFO] ApiDb:261 - Set plugin images path to: /Applications/STM32CubeIDE.app/Contents/Eclipse/plugins/com.st.stm32cube.common.mx_6.14.1.202504091515//db//plugins/mcufinder/images/
2025-07-07 14:10:00,337 [WARN] DbFile:41 - Overriding database path with different value: /Users/diego/.stmcufinder/plugins/mcufinder/ => /Users/diego/.stmcufinder/plugins/mcufinder
2025-07-07 14:10:00,337 [INFO] ApiDb:250 - Set database path to: /Users/diego/.stmcufinder/plugins/mcufinder//mcu/
2025-07-07 14:10:00,337 [WARN] DbFile:41 - Overriding database path with different value: /Users/diego/.stmcufinder/plugins/mcufinder/ => /Users/diego/.stmcufinder/plugins/mcufinder
2025-07-07 14:10:00,337 [INFO] DbMcusAds:125 - Set database path to: /Users/diego/.stmcufinder/plugins/mcufinder//mcu/
2025-07-07 14:10:00,337 [WARN] DbFile:41 - Overriding database path with different value: /Users/diego/.stmcufinder/plugins/mcufinder/ => /Users/diego/.stmcufinder/plugins/mcufinder
2025-07-07 14:10:00,337 [WARN] DbFile:41 - Overriding database path with different value: /Users/diego/.stmcufinder/plugins/mcufinder/ => /Users/diego/.stmcufinder/plugins/mcufinder
2025-07-07 14:10:00,338 [INFO] CrossReferenceDbSqlite:203 - Set database path to: /Users/diego/.stmcufinder/plugins/mcufinder//mcu/cs/
2025-07-07 14:10:00,411 [INFO] MainPanel:272 - HeapMemory: 268435456
2025-07-07 14:10:00,857 [INFO] DbMcusXml:78 - Set database path to: /Applications/STM32CubeIDE.app/Contents/Eclipse/plugins/com.st.stm32cube.common.mx_6.14.1.202504091515//db//mcu/
2025-07-07 14:10:00,857 [INFO] ApiDb:274 - Set plugin database path to: /Applications/STM32CubeIDE.app/Contents/Eclipse/plugins/com.st.stm32cube.common.mx_6.14.1.202504091515//db//plugins/boardmanager/
2025-07-07 14:10:00,857 [INFO] ApiDb:261 - Set plugin images path to: /Applications/STM32CubeIDE.app/Contents/Eclipse/plugins/com.st.stm32cube.common.mx_6.14.1.202504091515//db//plugins/mcufinder/images/
2025-07-07 14:10:00,857 [WARN] DbFile:41 - Overriding database path with different value: /Users/diego/.stmcufinder/plugins/mcufinder/ => /Users/diego/.stmcufinder/plugins/mcufinder
2025-07-07 14:10:00,858 [INFO] ApiDb:250 - Set database path to: /Users/diego/.stmcufinder/plugins/mcufinder//mcu/
2025-07-07 14:10:00,858 [WARN] DbFile:41 - Overriding database path with different value: /Users/diego/.stmcufinder/plugins/mcufinder/ => /Users/diego/.stmcufinder/plugins/mcufinder
2025-07-07 14:10:00,858 [INFO] DbMcusAds:125 - Set database path to: /Users/diego/.stmcufinder/plugins/mcufinder//mcu/
2025-07-07 14:10:00,858 [WARN] DbFile:41 - Overriding database path with different value: /Users/diego/.stmcufinder/plugins/mcufinder/ => /Users/diego/.stmcufinder/plugins/mcufinder
2025-07-07 14:10:00,858 [WARN] DbFile:41 - Overriding database path with different value: /Users/diego/.stmcufinder/plugins/mcufinder/ => /Users/diego/.stmcufinder/plugins/mcufinder
2025-07-07 14:10:00,858 [INFO] CrossReferenceDbSqlite:203 - Set database path to: /Users/diego/.stmcufinder/plugins/mcufinder//mcu/cs/
2025-07-07 14:10:00,882 [INFO] ApplicationProperties:184 - Using Application install path: /Applications/STM32CubeIDE.app/Contents/Eclipse/plugins/com.st.stm32cube.common.mx_6.14.1.202504091515
2025-07-07 14:10:00,884 [INFO] PluginManage:196 - Search for loadable plugins [exclusion list=, ]
2025-07-07 14:10:00,885 [INFO] PluginManage:310 - Check plugin analytics
2025-07-07 14:10:01,103 [INFO] AnalyticsPlugin:253 - Accepted Software Licenses: 
2025-07-07 14:10:01,103 [INFO] AnalyticsPlugin:255 - Accepted CMSIS Pack Licenses: 
2025-07-07 14:10:01,103 [INFO] AnalyticsPlugin:257 - Accepted Firmware Licenses: 
2025-07-07 14:10:01,119 [INFO] PluginManage:359 - Loaded plugin analytics (category:tool,tabindex:-1)
2025-07-07 14:10:01,120 [INFO] PluginManage:310 - Check plugin cadmodel
2025-07-07 14:10:01,136 [INFO] CADModel:105 - Init CAD model plugin
2025-07-07 14:10:01,137 [INFO] PluginManage:359 - Loaded plugin cadmodel (category:power,tabindex:5)
2025-07-07 14:10:01,137 [INFO] PluginManage:310 - Check plugin clock
2025-07-07 14:10:01,148 [INFO] PluginManage:359 - Loaded plugin clock (category:base,tabindex:2)
2025-07-07 14:10:01,148 [INFO] PluginManage:310 - Check plugin ddr
2025-07-07 14:10:01,152 [INFO] PluginManage:359 - Loaded plugin ddr (category:tool,tabindex:6)
2025-07-07 14:10:01,152 [INFO] PluginManage:310 - Check plugin filemanager
2025-07-07 14:10:01,311 [INFO] PluginManage:359 - Loaded plugin filemanager (category:base,tabindex:10)
2025-07-07 14:10:01,311 [INFO] PluginManage:310 - Check plugin ipmanager
2025-07-07 14:10:01,320 [INFO] PluginManage:359 - Loaded plugin ipmanager (category:base,tabindex:5)
2025-07-07 14:10:01,320 [INFO] PluginManage:310 - Check plugin lpbam
2025-07-07 14:10:01,333 [INFO] PluginManage:359 - Loaded plugin lpbam (category:base,tabindex:0)
2025-07-07 14:10:01,334 [INFO] PluginManage:310 - Check plugin memorymap
2025-07-07 14:10:01,343 [INFO] PluginManage:359 - Loaded plugin memorymap (category:base,tabindex:4)
2025-07-07 14:10:01,344 [INFO] PluginManage:310 - Check plugin pinoutandconfiguration
2025-07-07 14:10:01,351 [INFO] PluginManage:359 - Loaded plugin pinoutandconfiguration (category:base,tabindex:1)
2025-07-07 14:10:01,351 [INFO] PluginManage:310 - Check plugin pinoutconfig
2025-07-07 14:10:01,451 [WARN] SupportedApi:132 - Cannot load RTOS API schema: s4s-elt-must-match.1: The content of 'definitions' must match (annotation?, (simpleType | complexType)?, (unique | key | keyref)*)). A problem was found starting at: attribute.
2025-07-07 14:10:01,614 [INFO] PluginManage:359 - Loaded plugin pinoutconfig (category:base,tabindex:0)
2025-07-07 14:10:01,614 [INFO] PluginManage:310 - Check plugin power
2025-07-07 14:10:01,625 [INFO] PluginManage:359 - Loaded plugin power (category:power,tabindex:4)
2025-07-07 14:10:01,625 [INFO] PluginManage:310 - Check plugin projectmanager
2025-07-07 14:10:01,655 [INFO] PluginManage:359 - Loaded plugin projectmanager (category:projectmanager,tabindex:4)
2025-07-07 14:10:01,655 [INFO] PluginManage:310 - Check plugin rif
2025-07-07 14:10:01,663 [INFO] PluginManage:359 - Loaded plugin rif (category:base,tabindex:3)
2025-07-07 14:10:01,664 [INFO] PluginManage:310 - Check plugin thirdparty
2025-07-07 14:10:01,838 [INFO] PluginManage:359 - Loaded plugin thirdparty (category:base,tabindex:-1)
2025-07-07 14:10:01,838 [WARN] IntegrityCheckThread:84 - waiting for thirdparty lock release [integrity check]
2025-07-07 14:10:01,839 [INFO] PluginManage:310 - Check plugin tools
2025-07-07 14:10:01,839 [INFO] IntegrityCheckThread:86 - entering critical section [integrity check]
2025-07-07 14:10:01,840 [INFO] ThirdPartyUpdaterWithRetryManager:70 - Updater plugin not ready yet. [1/15]
2025-07-07 14:10:01,842 [INFO] PluginManage:359 - Loaded plugin tools (category:base,tabindex:7)
2025-07-07 14:10:01,842 [INFO] PluginManage:310 - Check plugin tutovideos
2025-07-07 14:10:02,022 [INFO] PluginManage:359 - Loaded plugin tutovideos (category:base,tabindex:-1)
2025-07-07 14:10:02,022 [INFO] PluginManage:310 - Check plugin updater
2025-07-07 14:10:02,061 [INFO] PluginManage:359 - Loaded plugin updater (category:base,tabindex:12)
2025-07-07 14:10:02,061 [INFO] PluginManage:310 - Check plugin userauth
2025-07-07 14:10:02,067 [INFO] UserAuth:118 - Init User Auth plugin
2025-07-07 14:10:02,069 [INFO] PluginManage:359 - Loaded plugin userauth (category:base,tabindex:14)
2025-07-07 14:10:02,069 [INFO] PluginManage:283 - PluginManage : Loaded plugins [18]
2025-07-07 14:10:02,352 [INFO] PinOutPanel:1589 - setPackage(No Configuration,No Configuration)
2025-07-07 14:10:02,437 [INFO] CADModel:165 - CPN selected for project level
2025-07-07 14:10:02,437 [INFO] CADModel:114 - Register for checkConnection events
2025-07-07 14:10:02,449 [INFO] IPUIPlugin:80 - create IPUIPlugin
2025-07-07 14:10:02,450 [INFO] PluginManager:220 - loadIPPluginJar : add mdma
2025-07-07 14:10:02,456 [INFO] IPUIPlugin:80 - create IPUIPlugin
2025-07-07 14:10:02,456 [INFO] PluginManager:220 - loadIPPluginJar : add freertos
2025-07-07 14:10:02,459 [INFO] IPUIPlugin:80 - create IPUIPlugin
2025-07-07 14:10:02,460 [INFO] PluginManager:220 - loadIPPluginJar : add gic
2025-07-07 14:10:02,470 [INFO] IPUIPlugin:80 - create IPUIPlugin
2025-07-07 14:10:02,471 [INFO] PluginManager:220 - loadIPPluginJar : add adc
2025-07-07 14:10:02,472 [INFO] IPUIPlugin:80 - create IPUIPlugin
2025-07-07 14:10:02,472 [INFO] PluginManager:220 - loadIPPluginJar : add gtzc
2025-07-07 14:10:02,473 [INFO] IPUIPlugin:80 - create IPUIPlugin
2025-07-07 14:10:02,473 [INFO] PluginManager:220 - loadIPPluginJar : add quadspi
2025-07-07 14:10:02,475 [INFO] IPUIPlugin:80 - create IPUIPlugin
2025-07-07 14:10:02,475 [INFO] PluginManager:220 - loadIPPluginJar : add aes
2025-07-07 14:10:02,478 [INFO] IPUIPlugin:80 - create IPUIPlugin
2025-07-07 14:10:02,478 [INFO] PluginManager:220 - loadIPPluginJar : add pdm2pcm
2025-07-07 14:10:02,479 [INFO] IPUIPlugin:80 - create IPUIPlugin
2025-07-07 14:10:02,479 [INFO] PluginManager:220 - loadIPPluginJar : add hash
2025-07-07 14:10:02,480 [INFO] IPUIPlugin:80 - create IPUIPlugin
2025-07-07 14:10:02,480 [INFO] PluginManager:220 - loadIPPluginJar : add tim
2025-07-07 14:10:02,483 [INFO] IPUIPlugin:80 - create IPUIPlugin
2025-07-07 14:10:02,483 [INFO] PluginManager:220 - loadIPPluginJar : add tsc
2025-07-07 14:10:02,486 [INFO] IPUIPlugin:80 - create IPUIPlugin
2025-07-07 14:10:02,486 [INFO] PluginManager:220 - loadIPPluginJar : add extmemmanager
2025-07-07 14:10:02,487 [INFO] IPUIPlugin:80 - create IPUIPlugin
2025-07-07 14:10:02,488 [INFO] PluginManager:220 - loadIPPluginJar : add ts
2025-07-07 14:10:02,493 [INFO] IPUIPlugin:80 - create IPUIPlugin
2025-07-07 14:10:02,494 [INFO] PluginManager:220 - loadIPPluginJar : add radio
2025-07-07 14:10:02,497 [INFO] IPUIPlugin:80 - create IPUIPlugin
2025-07-07 14:10:02,497 [INFO] PluginManager:220 - loadIPPluginJar : add can
2025-07-07 14:10:02,498 [INFO] IPUIPlugin:80 - create IPUIPlugin
2025-07-07 14:10:02,498 [INFO] PluginManager:220 - loadIPPluginJar : add dma3
2025-07-07 14:10:02,499 [INFO] IPUIPlugin:80 - create IPUIPlugin
2025-07-07 14:10:02,499 [INFO] PluginManager:220 - loadIPPluginJar : add dfsdm
2025-07-07 14:10:02,501 [INFO] IPUIPlugin:80 - create IPUIPlugin
2025-07-07 14:10:02,501 [INFO] PluginManager:220 - loadIPPluginJar : add spi
2025-07-07 14:10:02,502 [INFO] IPUIPlugin:80 - create IPUIPlugin
2025-07-07 14:10:02,502 [INFO] PluginManager:220 - loadIPPluginJar : add gfxmmu
2025-07-07 14:10:02,504 [INFO] IPUIPlugin:80 - create IPUIPlugin
2025-07-07 14:10:02,504 [INFO] PluginManager:220 - loadIPPluginJar : add genericplugin
2025-07-07 14:10:02,506 [INFO] IPUIPlugin:80 - create IPUIPlugin
2025-07-07 14:10:02,506 [INFO] PluginManager:220 - loadIPPluginJar : add cryp
2025-07-07 14:10:02,509 [INFO] IPUIPlugin:80 - create IPUIPlugin
2025-07-07 14:10:02,510 [INFO] PluginManager:220 - loadIPPluginJar : add gpio
2025-07-07 14:10:02,512 [INFO] IPUIPlugin:80 - create IPUIPlugin
2025-07-07 14:10:02,512 [INFO] PluginManager:220 - loadIPPluginJar : add ddr_ctrl_phy
2025-07-07 14:10:02,513 [INFO] IPUIPlugin:80 - create IPUIPlugin
2025-07-07 14:10:02,514 [INFO] PluginManager:220 - loadIPPluginJar : add comp
2025-07-07 14:10:02,516 [INFO] IPUIPlugin:80 - create IPUIPlugin
2025-07-07 14:10:02,516 [INFO] PluginManager:220 - loadIPPluginJar : add tracer_emb
2025-07-07 14:10:02,518 [INFO] IPUIPlugin:80 - create IPUIPlugin
2025-07-07 14:10:02,518 [INFO] PluginManager:220 - loadIPPluginJar : add openamp
2025-07-07 14:10:02,523 [INFO] IPUIPlugin:80 - create IPUIPlugin
2025-07-07 14:10:02,523 [INFO] PluginManager:220 - loadIPPluginJar : add stm32_wpan
2025-07-07 14:10:02,529 [INFO] IPUIPlugin:80 - create IPUIPlugin
2025-07-07 14:10:02,532 [INFO] PluginManager:220 - loadIPPluginJar : add plateformsettings
2025-07-07 14:10:02,535 [INFO] IPUIPlugin:80 - create IPUIPlugin
2025-07-07 14:10:02,535 [INFO] PluginManager:220 - loadIPPluginJar : add ipddr
2025-07-07 14:10:02,538 [INFO] IPUIPlugin:80 - create IPUIPlugin
2025-07-07 14:10:02,538 [INFO] PluginManager:220 - loadIPPluginJar : add usart
2025-07-07 14:10:02,539 [INFO] IPUIPlugin:80 - create IPUIPlugin
2025-07-07 14:10:02,539 [INFO] PluginManager:220 - loadIPPluginJar : add ltdc
2025-07-07 14:10:02,542 [INFO] IPUIPlugin:80 - create IPUIPlugin
2025-07-07 14:10:02,542 [INFO] PluginManager:220 - loadIPPluginJar : add nvic
2025-07-07 14:10:02,543 [INFO] IPUIPlugin:80 - create IPUIPlugin
2025-07-07 14:10:02,543 [INFO] PluginManager:220 - loadIPPluginJar : add fatfs
2025-07-07 14:10:02,548 [INFO] IPUIPlugin:80 - create IPUIPlugin
2025-07-07 14:10:02,548 [INFO] PluginManager:220 - loadIPPluginJar : add linkedlist
2025-07-07 14:10:02,552 [INFO] IPUIPlugin:80 - create IPUIPlugin
2025-07-07 14:10:02,552 [INFO] PluginManager:220 - loadIPPluginJar : add dma
2025-07-07 14:10:02,555 [INFO] IPUIPlugin:80 - create IPUIPlugin
2025-07-07 14:10:02,555 [INFO] PluginManager:220 - loadIPPluginJar : add fmc
2025-07-07 14:10:02,556 [INFO] IPUIPlugin:80 - create IPUIPlugin
2025-07-07 14:10:02,556 [INFO] PluginManager:220 - loadIPPluginJar : add i2s
2025-07-07 14:10:02,557 [INFO] IPUIPlugin:80 - create IPUIPlugin
2025-07-07 14:10:02,557 [INFO] PluginManager:220 - loadIPPluginJar : add ucpd
2025-07-07 14:10:02,560 [INFO] IPUIPlugin:80 - create IPUIPlugin
2025-07-07 14:10:02,560 [INFO] PluginManager:220 - loadIPPluginJar : add lorawan
2025-07-07 14:10:02,563 [INFO] IPUIPlugin:80 - create IPUIPlugin
2025-07-07 14:10:02,563 [INFO] PluginManager:220 - loadIPPluginJar : add opamp
2025-07-07 14:10:02,565 [INFO] IPUIPlugin:80 - create IPUIPlugin
2025-07-07 14:10:02,565 [INFO] PluginManager:220 - loadIPPluginJar : add i3c
2025-07-07 14:10:02,567 [INFO] IPUIPlugin:80 - create IPUIPlugin
2025-07-07 14:10:02,567 [INFO] PluginManager:220 - loadIPPluginJar : add touchsensing
2025-07-07 14:10:02,569 [INFO] IPUIPlugin:80 - create IPUIPlugin
2025-07-07 14:10:02,569 [INFO] PluginManager:220 - loadIPPluginJar : add i2c
2025-07-07 14:10:02,571 [INFO] IPUIPlugin:80 - create IPUIPlugin
2025-07-07 14:10:02,571 [INFO] PluginManager:220 - loadIPPluginJar : add resmgrutility
2025-07-07 14:10:02,573 [INFO] IPUIPlugin:80 - create IPUIPlugin
2025-07-07 14:10:02,573 [INFO] PluginManager:220 - loadIPPluginJar : add sai
2025-07-07 14:10:02,575 [INFO] IPUIPlugin:80 - create IPUIPlugin
2025-07-07 14:10:02,575 [INFO] PluginManager:220 - loadIPPluginJar : add usbx
2025-07-07 14:10:02,736 [FATAL] Updater:351 - Updater called before beeing initialized
2025-07-07 14:10:02,816 [INFO] RulesReader:64 - Compatibility file has been processed (302 Rules)
2025-07-07 14:10:02,835 [INFO] RulesReader:64 - Compatibility file has been processed (302 Rules)
2025-07-07 14:10:02,855 [INFO] CADModel:165 - CPN selected for project level
2025-07-07 14:10:02,855 [INFO] CADModel:114 - Register for checkConnection events
2025-07-07 14:10:02,855 [FATAL] Updater:351 - Updater called before beeing initialized
2025-07-07 14:10:02,855 [ERROR] CADModel:125 - Updater not yet initialized, retry later 
2025-07-07 14:10:03,462 [FATAL] Updater:351 - Updater called before beeing initialized
2025-07-07 14:10:03,464 [INFO] CADModel:165 - CPN selected for project level
2025-07-07 14:10:03,464 [INFO] CADModel:114 - Register for checkConnection events
2025-07-07 14:10:03,464 [FATAL] Updater:351 - Updater called before beeing initialized
2025-07-07 14:10:03,464 [ERROR] CADModel:125 - Updater not yet initialized, retry later 
2025-07-07 14:10:03,467 [FATAL] Updater:351 - Updater called before beeing initialized
2025-07-07 14:10:03,694 [FATAL] Updater:351 - Updater called before beeing initialized
2025-07-07 14:10:03,698 [INFO] DbMcusAds:53 - JSON generation date=Thu Jun 19 04:32:34 EDT 2025 (1750321954388)
2025-07-07 14:10:03,699 [FATAL] Updater:351 - Updater called before beeing initialized
2025-07-07 14:10:03,762 [WARN] DetailPanel:346 - Failed to get advertising image, set to default
2025-07-07 14:10:03,983 [FATAL] Updater:351 - Updater called before beeing initialized
2025-07-07 14:10:03,987 [FATAL] Updater:351 - Updater called before beeing initialized
2025-07-07 14:10:03,987 [FATAL] Updater:351 - Updater called before beeing initialized
2025-07-07 14:10:03,987 [WARN] DetailPanel:346 - Failed to get advertising image, set to default
2025-07-07 14:10:03,989 [FATAL] Updater:351 - Updater called before beeing initialized
2025-07-07 14:10:04,040 [ERROR] Updater:1198 - MainUpdater not yet initialized. External WinMGr cannot be set.
2025-07-07 14:10:04,043 [INFO] Updater:1134 - Updater Version found : 6.14.1
2025-07-07 14:10:04,058 [INFO] ApplicationProperties:184 - Using Application install path: /Applications/STM32CubeIDE.app/Contents/Eclipse/plugins/com.st.stm32cube.common.mx_6.14.1.202504091515
2025-07-07 14:10:04,634 [INFO] MainUpdater:2872 - connection check result : 10
2025-07-07 14:10:04,635 [INFO] MainUpdater:289 - Updater Check For Update Now.
2025-07-07 14:10:04,635 [INFO] MicroXplorer:498 - Change Database Version : DB.6.0.141
2025-07-07 14:10:04,650 [INFO] McuFinderGlobals:63 - Set McuFinder mode to 2 (CubeIDE integrated)
2025-07-07 14:10:04,654 [INFO] UserAuth:484 - Internet connection configuration mode: 1
2025-07-07 14:10:04,675 [INFO] JxBrowserEngine:152 - Initiate JxBrowser Engine with user profile folder
2025-07-07 14:10:04,845 [WARN] MainUpdater:1193 - Updater busy. Cannot search thirdparties
2025-07-07 14:10:04,846 [INFO] ThirdPartyUpdaterWithRetryManager:96 - Updater plugin is busy. [1/15]
2025-07-07 14:10:04,932 [INFO] CheckServerUpdateThread:120 - End of CheckServer Thread
2025-07-07 14:10:08,066 [WARN] PackLoader:240 - Cannot read IP mode file for STMicroelectronics.FP-SNS-MOTENVWB1.1.4.0
2025-07-07 14:10:08,094 [WARN] PackLoader:240 - Cannot read IP mode file for STMicroelectronics.FP-ATR-ASTRA1.2.0.1
2025-07-07 14:10:08,111 [WARN] PackLoader:240 - Cannot read IP mode file for STMicroelectronics.X-CUBE-SMBUS.2.1.0
2025-07-07 14:10:08,131 [WARN] PackLoader:240 - Cannot read IP mode file for STMicroelectronics.X-CUBE-WB05N.1.1.0
2025-07-07 14:10:08,229 [WARN] PackLoader:240 - Cannot read IP mode file for STMicroelectronics.X-CUBE-AZRTOS-F7.1.1.0
2025-07-07 14:10:08,266 [WARN] PackLoader:240 - Cannot read IP mode file for STMicroelectronics.FP-SNS-FLIGHT1.5.0.2
2025-07-07 14:10:08,325 [WARN] PackLoader:240 - Cannot read IP mode file for Infineon.AIROC-Wi-Fi-Bluetooth-STM32.1.7.0
2025-07-07 14:10:08,359 [WARN] PackLoader:240 - Cannot read IP mode file for STMicroelectronics.X-CUBE-DISPLAY.3.0.0
2025-07-07 14:10:08,384 [WARN] PackLoader:240 - Cannot read IP mode file for STMicroelectronics.X-CUBE-BLE1.7.0.0
2025-07-07 14:10:08,399 [WARN] PackLoader:240 - Cannot read IP mode file for STMicroelectronics.X-CUBE-NFC10.1.0.0
2025-07-07 14:10:08,427 [WARN] PackLoader:240 - Cannot read IP mode file for STMicroelectronics.X-CUBE-BLEMGR.4.0.0
2025-07-07 14:10:08,458 [WARN] PackLoader:240 - Cannot read IP mode file for emotas.I-CUBE-CANOPEN.1.3.0
2025-07-07 14:10:08,471 [WARN] PackLoader:240 - Cannot read IP mode file for STMicroelectronics.X-CUBE-AI.10.0.0
2025-07-07 14:10:08,480 [WARN] PackLoader:240 - Cannot read IP mode file for STMicroelectronics.FP-SNS-SMARTAG2.1.2.0
2025-07-07 14:10:08,599 [WARN] PackLoader:240 - Cannot read IP mode file for STMicroelectronics.X-CUBE-MEMS1.11.1.0
2025-07-07 14:10:09,040 [INFO] LogOutputStream:77 - [STDOUT_REDIRECT] 1 : Invalid condition id : UX_CORESTACK_Condition cause : null
2025-07-07 14:10:09,056 [INFO] LogOutputStream:77 - [STDOUT_REDIRECT] 1 : Invalid condition id : UX_CORESTACK_Condition cause : null
2025-07-07 14:10:09,058 [INFO] LogOutputStream:77 - [STDOUT_REDIRECT] 1 : Invalid condition id : UX_CORESTACK_Condition cause : null
2025-07-07 14:10:09,059 [INFO] LogOutputStream:77 - [STDOUT_REDIRECT] 1 : Invalid condition id : UX_CORESTACK_Condition cause : null
2025-07-07 14:10:09,059 [INFO] LogOutputStream:77 - [STDOUT_REDIRECT] 1 : Invalid condition id : UX_CORESTACK_Condition cause : null
2025-07-07 14:10:09,080 [WARN] PackLoader:240 - Cannot read IP mode file for STMicroelectronics.X-CUBE-AZRTOS-WL.2.0.0
2025-07-07 14:10:09,131 [WARN] PackLoader:240 - Cannot read IP mode file for STMicroelectronics.FP-SNS-MOTENV1.5.0.0
2025-07-07 14:10:09,144 [WARN] PackLoader:240 - Cannot read IP mode file for wolfSSL.I-CUBE-wolfMQTT.1.19.0
2025-07-07 14:10:09,174 [WARN] PackLoader:240 - Cannot read IP mode file for WES.I-CUBE-Cesium.1.3.0
2025-07-07 14:10:09,185 [WARN] PackLoader:240 - Cannot read IP mode file for STMicroelectronics.X-CUBE-BLE2.3.3.0
2025-07-07 14:10:09,199 [WARN] PackLoader:240 - Cannot read IP mode file for STMicroelectronics.X-CUBE-NFC9.1.0.0
2025-07-07 14:10:09,362 [WARN] PackLoader:240 - Cannot read IP mode file for STMicroelectronics.X-CUBE-MEMS1.11.2.0
2025-07-07 14:10:09,645 [WARN] PackLoader:240 - Cannot read IP mode file for STMicroelectronics.X-CUBE-AZRTOS-G0.1.1.0
2025-07-07 14:10:09,699 [WARN] PackLoader:240 - Cannot read IP mode file for STMicroelectronics.X-CUBE-SAFEA1.1.2.2
2025-07-07 14:10:09,710 [WARN] PackLoader:240 - Cannot read IP mode file for STMicroelectronics.X-CUBE-NFC4.3.0.0
2025-07-07 14:10:09,734 [WARN] PackLoader:240 - Cannot read IP mode file for EmbeddedOffice.I-CUBE-FS-RTOS.1.0.1
2025-07-07 14:10:09,752 [WARN] PackLoader:240 - Cannot read IP mode file for STMicroelectronics.X-CUBE-WB05N.2.0.0
2025-07-07 14:10:09,766 [WARN] PackLoader:240 - Cannot read IP mode file for STMicroelectronics.X-CUBE-TCPP.4.2.0
2025-07-07 14:10:09,773 [WARN] PackLoader:240 - Cannot read IP mode file for RealThread.X-CUBE-RT-Thread_Nano.4.1.1
2025-07-07 14:10:09,779 [WARN] PackLoader:240 - Cannot read IP mode file for STMicroelectronics.FP-ATR-SIGFOX1.3.2.0
2025-07-07 14:10:09,785 [WARN] ConditionMgr:438 - getConditionDescription Invalid condition id : Cortex-A Device cause : null
2025-07-07 14:10:09,862 [WARN] ConditionMgr:1044 - genDependencies : Invalid condition id : Cortex-A Device cause : null
2025-07-07 14:10:09,863 [WARN] ConditionMgr:1044 - genDependencies : Invalid condition id : Cortex-A Device cause : null
2025-07-07 14:10:09,864 [WARN] ConditionMgr:1044 - genDependencies : Invalid condition id : Cortex-A Device cause : null
2025-07-07 14:10:09,882 [WARN] PackLoader:240 - Cannot read IP mode file for STMicroelectronics.X-CUBE-EEPRMA1.5.1.0
2025-07-07 14:10:09,894 [WARN] PackLoader:240 - Cannot read IP mode file for wolfSSL.I-CUBE-wolfSSL.5.7.6
2025-07-07 14:10:09,917 [WARN] PackLoader:240 - Cannot read IP mode file for ITTIA_DB.I-CUBE-ITTIADB.8.9.0
2025-07-07 14:10:09,961 [INFO] WebApp:169 - Instantiating new browser for Auth
2025-07-07 14:10:09,997 [WARN] PackLoader:240 - Cannot read IP mode file for SEGGER.I-CUBE-embOS.1.3.1
2025-07-07 14:10:10,059 [WARN] PackLoader:240 - Cannot read IP mode file for STMicroelectronics.X-CUBE-ALGOBUILD.1.4.0
2025-07-07 14:10:10,162 [WARN] PackLoader:240 - Cannot read IP mode file for STMicroelectronics.X-CUBE-MEMS1.11.3.0
2025-07-07 14:10:10,263 [WARN] PackLoader:240 - Cannot read IP mode file for STMicroelectronics.X-CUBE-PM33A1.1.0.0
2025-07-07 14:10:10,293 [WARN] PackLoader:240 - Cannot read IP mode file for STMicroelectronics.X-CUBE-AZRTOS-F4.1.1.0
2025-07-07 14:10:10,303 [WARN] PackLoader:240 - Cannot read IP mode file for Avnet-IotConnect.X-CUBE-IoTC-DA16k-PMOD.1.0.0
2025-07-07 14:10:10,307 [WARN] PackLoader:240 - Cannot read IP mode file for STMicroelectronics.X-CUBE-ISPU.2.1.0
2025-07-07 14:10:10,331 [WARN] PackLoader:240 - Cannot read IP mode file for STMicroelectronics.X-CUBE-AZRTOS-L5.2.0.0
2025-07-07 14:10:10,483 [WARN] PackLoader:240 - Cannot read IP mode file for STMicroelectronics.X-CUBE-NFC6.3.1.0
2025-07-07 14:10:10,787 [WARN] PackLoader:240 - Cannot read IP mode file for STMicroelectronics.X-CUBE-DPower.1.2.0
2025-07-07 14:10:10,816 [WARN] PackLoader:240 - Cannot read IP mode file for STMicroelectronics.X-CUBE-FREERTOS.1.3.0
2025-07-07 14:10:10,831 [WARN] PackLoader:240 - Cannot read IP mode file for STMicroelectronics.X-CUBE-NFC7.1.0.1
2025-07-07 14:10:10,868 [WARN] PackLoader:240 - Cannot read IP mode file for STMicroelectronics.FP-SNS-STAIOTCFT.1.0.0
2025-07-07 14:10:10,917 [WARN] ConditionMgr:438 - getConditionDescription Invalid condition id : LAN8742 Phy interface Condition cause : null
2025-07-07 14:10:10,919 [WARN] PackLoader:240 - Cannot read IP mode file for STMicroelectronics.X-CUBE-AZRTOS-L4.2.0.0
2025-07-07 14:10:10,923 [WARN] ConditionMgr:1044 - genDependencies : Invalid condition id : LAN8742 Phy interface Condition cause : null
2025-07-07 14:10:10,923 [WARN] ConditionMgr:1044 - genDependencies : Invalid condition id : LAN8742 Phy interface Condition cause : null
2025-07-07 14:10:10,924 [WARN] ConditionMgr:1044 - genDependencies : Invalid condition id : LAN8742 Phy interface Condition cause : null
2025-07-07 14:10:10,937 [WARN] PackLoader:240 - Cannot read IP mode file for STMicroelectronics.X-CUBE-SFXS2LP1.4.0.0
2025-07-07 14:10:10,971 [WARN] PackLoader:240 - Cannot read IP mode file for STMicroelectronics.X-CUBE-AZRTOS-H7.3.3.0
2025-07-07 14:10:10,990 [WARN] ConditionMgr:438 - getConditionDescription Invalid condition id : UX DEVICE CLASS RTOS Condition cause : null
2025-07-07 14:10:10,991 [WARN] ConditionMgr:438 - getConditionDescription Invalid condition id : UX DEVICE CLASS RTOS Condition cause : null
2025-07-07 14:10:10,999 [WARN] PackLoader:240 - Cannot read IP mode file for STMicroelectronics.X-CUBE-AZRTOS-WB.2.0.0
2025-07-07 14:10:11,001 [WARN] ConditionMgr:1044 - genDependencies : Invalid condition id : UX DEVICE CLASS RTOS Condition cause : null
2025-07-07 14:10:11,002 [WARN] ConditionMgr:1044 - genDependencies : Invalid condition id : UX DEVICE CLASS RTOS Condition cause : null
2025-07-07 14:10:11,003 [WARN] ConditionMgr:1044 - genDependencies : Invalid condition id : UX DEVICE CLASS RTOS Condition cause : null
2025-07-07 14:10:11,004 [WARN] ConditionMgr:1044 - genDependencies : Invalid condition id : UX DEVICE CLASS RTOS Condition cause : null
2025-07-07 14:10:11,004 [WARN] ConditionMgr:1044 - genDependencies : Invalid condition id : UX DEVICE CLASS RTOS Condition cause : null
2025-07-07 14:10:11,023 [WARN] PackLoader:240 - Cannot read IP mode file for STMicroelectronics.X-CUBE-GNSS1.7.0.1
2025-07-07 14:10:11,056 [WARN] PackLoader:240 - Cannot read IP mode file for STMicroelectronics.X-CUBE-TOUCHGFX.4.25.0
2025-07-07 14:10:11,072 [WARN] PackLoader:240 - Cannot read IP mode file for STMicroelectronics.FP-SNS-STBOX1.2.0.0
2025-07-07 14:10:11,091 [WARN] PackLoader:240 - Cannot read IP mode file for STMicroelectronics.X-CUBE-SUBG2.5.0.0
2025-07-07 14:10:11,130 [WARN] PackLoader:240 - Cannot read IP mode file for STMicroelectronics.X-CUBE-AZRTOS-H7RS.1.1.0
2025-07-07 14:10:11,153 [WARN] PackLoader:240 - Cannot read IP mode file for Cesanta.I-CUBE-Mongoose.7.13.0
2025-07-07 14:10:11,172 [WARN] PackLoader:240 - Cannot read IP mode file for STMicroelectronics.X-CUBE-AZRTOS-G4.2.0.0
2025-07-07 14:10:11,192 [WARN] PackLoader:240 - Cannot read IP mode file for STMicroelectronics.X-CUBE-IPS.3.1.0
2025-07-07 14:10:11,244 [WARN] PackLoader:240 - Cannot read IP mode file for STMicroelectronics.X-CUBE-ALS.1.0.2
2025-07-07 14:10:11,264 [WARN] PackLoader:240 - Cannot read IP mode file for STMicroelectronics.X-CUBE-TOUCHGFX.4.24.2
2025-07-07 14:10:11,269 [WARN] PackLoader:240 - Cannot read IP mode file for wolfSSL.I-CUBE-wolfTPM.3.4.0
2025-07-07 14:10:11,275 [WARN] PackLoader:240 - Cannot read IP mode file for portGmbH.I-Cube-SoM-uGOAL.1.1.0
2025-07-07 14:10:11,321 [WARN] PackLoader:240 - Cannot read IP mode file for STMicroelectronics.X-CUBE-AZRTOS-H7RS.1.0.0
2025-07-07 14:10:11,348 [WARN] PackLoader:240 - Cannot read IP mode file for STMicroelectronics.X-CUBE-TOF1.3.4.2
2025-07-07 14:10:11,375 [WARN] PackLoader:240 - Cannot read IP mode file for wolfSSL.I-CUBE-wolfSSH.1.4.17
2025-07-07 14:10:11,388 [INFO] ThirdParty:978 - Integrity check success = true
2025-07-07 14:10:11,388 [INFO] IntegrityCheckThread:100 - exiting critical section [integrity check]
2025-07-07 14:10:11,388 [INFO] IntegrityCheckThread:103 - End integrity checks thread
2025-07-07 14:10:12,191 [INFO] WebApp:463 - Apply proxy settings
2025-07-07 14:10:12,211 [INFO] WebApp:508 - Chromium authenticates against Manually configured proxy
2025-07-07 14:10:12,229 [INFO] WebApp:516 - Username used for proxy authentication: 
2025-07-07 14:10:12,280 [INFO] WebApp:894 - Register for checkConnection events
2025-07-07 14:10:12,281 [INFO] WebApp:463 - Apply proxy settings
2025-07-07 14:10:12,287 [INFO] WebApp:508 - Chromium authenticates against Manually configured proxy
2025-07-07 14:10:12,287 [INFO] WebApp:516 - Username used for proxy authentication: 
2025-07-07 14:10:12,478 [INFO] WebApp:225 - Starting web application
2025-07-07 14:10:12,478 [INFO] WebApp:593 - Web application path used /Applications/STM32CubeIDE.app/Contents/Eclipse/plugins/com.st.stm32cube.common.mx_6.14.1.202504091515/db/plugins/mcufinder/reactClient1/index.html
2025-07-07 14:10:13,139 [INFO] UserAuth:484 - Internet connection configuration mode: 1
2025-07-07 14:10:14,284 [INFO] WebApp:191 - Connection restablished
